-------------------------------------------------------------------------------
Test set: MathTest
-------------------------------------------------------------------------------
Tests run: 1, Failures: 1, Errors: 0, Skipped: 0, Time elapsed: 0.303 s <<< FAILURE! - in MathTest
testSum  Time elapsed: 0.256 s  <<< FAILURE!
org.opentest4j.AssertionFailedError: expected: <3> but was: <2>
	at MathTest.testSum(MathTest.java:9)

